{"numFailedTestSuites":3,"numFailedTests":4,"numPassedTestSuites":9,"numPassedTests":63,"numPendingTestSuites":0,"numPendingTests":0,"numRuntimeErrorTestSuites":0,"numTodoTests":0,"numTotalTestSuites":12,"numTotalTests":67,"openHandles":[],"snapshot":{"added":0,"didUpdate":false,"failure":false,"filesAdded":0,"filesRemoved":0,"filesRemovedList":[],"filesUnmatched":0,"filesUpdated":0,"matched":0,"total":0,"unchecked":0,"uncheckedKeysByFile":[],"unmatched":0,"updated":0},"startTime":1772300657477,"success":false,"testResults":[{"assertionResults":[{"ancestorTitles":["BookingService"],"duration":58,"failing":false,"failureDetails":[],"failureMessages":[],"fullName":"BookingService should be defined","invocations":1,"location":null,"numPassingAsserts":1,"retryReasons":[],"startAt":1772300660834,"status":"passed","title":"should be defined"},{"ancestorTitles":["BookingService"],"duration":10,"failing":false,"failureDetails":[],"failureMessages":[],"fullName":"BookingService should create a booking","invocations":1,"location":null,"numPassingAsserts":1,"retryReasons":[],"startAt":1772300660900,"status":"passed","title":"should create a booking"},{"ancestorTitles":["BookingService"],"duration":90,"failing":false,"failureDetails":[],"failureMessages":[],"fullName":"BookingService should find all bookings","invocations":1,"location":null,"numPassingAsserts":1,"retryReasons":[],"startAt":1772300660915,"status":"passed","title":"should find all bookings"},{"ancestorTitles":["BookingService"],"duration":6,"failing":false,"failureDetails":[],"failureMessages":[],"fullName":"BookingService should find a booking","invocations":1,"location":null,"numPassingAsserts":1,"retryReasons":[],"startAt":1772300661006,"status":"passed","title":"should find a booking"},{"ancestorTitles":["BookingService"],"duration":6,"failing":false,"failureDetails":[],"failureMessages":[],"fullName":"BookingService should update a booking","invocations":1,"location":null,"numPassingAsserts":1,"retryReasons":[],"startAt":1772300661014,"status":"passed","title":"should update a booking"},{"ancestorTitles":["BookingService"],"duration":15,"failing":false,"failureDetails":[],"failureMessages":[],"fullName":"BookingService should remove a booking","invocations":1,"location":null,"numPassingAsserts":1,"retryReasons":[],"startAt":1772300661020,"status":"passed","title":"should remove a booking"}],"endTime":1772300661042,"message":"","name":"/home/x3nonxe/Project/ts/karcis/karcis-backend/src/modules/booking/services/booking.service.spec.ts","startTime":1772300658654,"status":"passed","summary":""},{"assertionResults":[{"ancestorTitles":["JwtStrategy"],"duration":34,"failing":false,"failureDetails":[],"failureMessages":[],"fullName":"JwtStrategy should be defined","invocations":1,"location":null,"numPassingAsserts":1,"retryReasons":[],"startAt":1772300661038,"status":"passed","title":"should be defined"},{"ancestorTitles":["JwtStrategy"],"duration":21,"failing":false,"failureDetails":[{"matcherResult":{"message":"expect(jest.fn()).toHaveBeenCalledWith(...expected)\n\n- Expected\n+ Received\n\n  Object {\n+   \"email\": \"test@test.com\",\n    \"id\": \"1\",\n  },\n\nNumber of calls: 1","pass":false}}],"failureMessages":["Error: expect(jest.fn()).toHaveBeenCalledWith(...expected)\n\n- Expected\n+ Received\n\n  Object {\n+   \"email\": \"test@test.com\",\n    \"id\": \"1\",\n  },\n\nNumber of calls: 1\n    at Object.<anonymous> (/home/x3nonxe/Project/ts/karcis/karcis-backend/src/modules/auth/strategies/jwt.strategy.spec.ts:39:36)\n    at processTicksAndRejections (node:internal/process/task_queues:103:5)"],"fullName":"JwtStrategy should validate and return user","invocations":1,"location":null,"numPassingAsserts":0,"retryReasons":[],"startAt":1772300661073,"status":"failed","title":"should validate and return user"},{"ancestorTitles":["JwtStrategy"],"duration":13,"failing":false,"failureDetails":[],"failureMessages":[],"fullName":"JwtStrategy should throw UnauthorizedException if user not found","invocations":1,"location":null,"numPassingAsserts":1,"retryReasons":[],"startAt":1772300661108,"status":"passed","title":"should throw UnauthorizedException if user not found"}],"endTime":1772300661170,"message":"  ● JwtStrategy › should validate and return user\n\n    expect(jest.fn()).toHaveBeenCalledWith(...expected)\n\n    - Expected\n    + Received\n\n      Object {\n    +   \"email\": \"test@test.com\",\n        \"id\": \"1\",\n      },\n\n    Number of calls: 1\n\n      37 |\n      38 |     const result = await strategy.validate(payload);\n    > 39 |     expect(userRepository.findOne).toHaveBeenCalledWith({ id: '1' });\n         |                                    ^\n      40 |     expect(result).toEqual(user);\n      41 |   });\n      42 |\n\n      at Object.<anonymous> (modules/auth/strategies/jwt.strategy.spec.ts:39:36)\n","name":"/home/x3nonxe/Project/ts/karcis/karcis-backend/src/modules/auth/strategies/jwt.strategy.spec.ts","startTime":1772300658640,"status":"failed","summary":""},{"assertionResults":[{"ancestorTitles":["EventService"],"duration":45,"failing":false,"failureDetails":[],"failureMessages":[],"fullName":"EventService should be defined","invocations":1,"location":null,"numPassingAsserts":1,"retryReasons":[],"startAt":1772300661264,"status":"passed","title":"should be defined"},{"ancestorTitles":["EventService"],"duration":10,"failing":false,"failureDetails":[],"failureMessages":[],"fullName":"EventService should create an event","invocations":1,"location":null,"numPassingAsserts":1,"retryReasons":[],"startAt":1772300661313,"status":"passed","title":"should create an event"},{"ancestorTitles":["EventService"],"duration":10,"failing":false,"failureDetails":[],"failureMessages":[],"fullName":"EventService should find all events","invocations":1,"location":null,"numPassingAsserts":1,"retryReasons":[],"startAt":1772300661323,"status":"passed","title":"should find all events"},{"ancestorTitles":["EventService"],"duration":8,"failing":false,"failureDetails":[],"failureMessages":[],"fullName":"EventService should find an event","invocations":1,"location":null,"numPassingAsserts":1,"retryReasons":[],"startAt":1772300661333,"status":"passed","title":"should find an event"},{"ancestorTitles":["EventService"],"duration":8,"failing":false,"failureDetails":[],"failureMessages":[],"fullName":"EventService should update an event","invocations":1,"location":null,"numPassingAsserts":1,"retryReasons":[],"startAt":1772300661342,"status":"passed","title":"should update an event"},{"ancestorTitles":["EventService"],"duration":7,"failing":false,"failureDetails":[],"failureMessages":[],"fullName":"EventService should remove an event","invocations":1,"location":null,"numPassingAsserts":1,"retryReasons":[],"startAt":1772300661351,"status":"passed","title":"should remove an event"}],"endTime":1772300661362,"message":"","name":"/home/x3nonxe/Project/ts/karcis/karcis-backend/src/modules/event/services/event.service.spec.ts","startTime":1772300658733,"status":"passed","summary":""},{"assertionResults":[{"ancestorTitles":["BookingController"],"duration":18,"failing":false,"failureDetails":[],"failureMessages":[],"fullName":"BookingController should be defined","invocations":1,"location":null,"numPassingAsserts":1,"retryReasons":[],"startAt":1772300661429,"status":"passed","title":"should be defined"},{"ancestorTitles":["BookingController"],"duration":6,"failing":false,"failureDetails":[],"failureMessages":[],"fullName":"BookingController should create a booking","invocations":1,"location":null,"numPassingAsserts":2,"retryReasons":[],"startAt":1772300661458,"status":"passed","title":"should create a booking"},{"ancestorTitles":["BookingController"],"duration":6,"failing":false,"failureDetails":[],"failureMessages":[],"fullName":"BookingController should find all bookings","invocations":1,"location":null,"numPassingAsserts":2,"retryReasons":[],"startAt":1772300661464,"status":"passed","title":"should find all bookings"},{"ancestorTitles":["BookingController"],"duration":4,"failing":false,"failureDetails":[],"failureMessages":[],"fullName":"BookingController should find a booking","invocations":1,"location":null,"numPassingAsserts":2,"retryReasons":[],"startAt":1772300661471,"status":"passed","title":"should find a booking"},{"ancestorTitles":["BookingController"],"duration":5,"failing":false,"failureDetails":[],"failureMessages":[],"fullName":"BookingController should update a booking","invocations":1,"location":null,"numPassingAsserts":2,"retryReasons":[],"startAt":1772300661475,"status":"passed","title":"should update a booking"},{"ancestorTitles":["BookingController"],"duration":5,"failing":false,"failureDetails":[],"failureMessages":[],"fullName":"BookingController should remove a booking","invocations":1,"location":null,"numPassingAsserts":2,"retryReasons":[],"startAt":1772300661481,"status":"passed","title":"should remove a booking"}],"endTime":1772300661487,"message":"","name":"/home/x3nonxe/Project/ts/karcis/karcis-backend/src/modules/booking/controller/booking.controller.spec.ts","startTime":1772300661073,"status":"passed","summary":""},{"assertionResults":[{"ancestorTitles":["AppController","root"],"duration":16,"failing":false,"failureDetails":[],"failureMessages":[],"fullName":"AppController root should return \"Hello World!\"","invocations":1,"location":null,"numPassingAsserts":1,"retryReasons":[],"startAt":1772300661678,"status":"passed","title":"should return \"Hello World!\""}],"endTime":1772300661695,"message":"","name":"/home/x3nonxe/Project/ts/karcis/karcis-backend/src/app.controller.spec.ts","startTime":1772300661395,"status":"passed","summary":""},{"assertionResults":[{"ancestorTitles":["UsersService"],"duration":34,"failing":false,"failureDetails":[],"failureMessages":[],"fullName":"UsersService should be defined","invocations":1,"location":null,"numPassingAsserts":1,"retryReasons":[],"startAt":1772300661586,"status":"passed","title":"should be defined"},{"ancestorTitles":["UsersService"],"duration":9,"failing":false,"failureDetails":[],"failureMessages":[],"fullName":"UsersService should create a user","invocations":1,"location":null,"numPassingAsserts":1,"retryReasons":[],"startAt":1772300661621,"status":"passed","title":"should create a user"},{"ancestorTitles":["UsersService"],"duration":10,"failing":false,"failureDetails":[{"matcherResult":{"actual":{},"expected":"This action returns all users","message":"expect(received).toBe(expected) // Object.is equality\n\nExpected: \"This action returns all users\"\nReceived: Promise {}","name":"toBe","pass":false}}],"failureMessages":["Error: expect(received).toBe(expected) // Object.is equality\n\nExpected: \"This action returns all users\"\nReceived: Promise {}\n    at Object.<anonymous> (/home/x3nonxe/Project/ts/karcis/karcis-backend/src/modules/users/services/users.service.spec.ts:47:31)\n    at Promise.finally.completed (/home/x3nonxe/Project/ts/karcis/karcis-backend/node_modules/jest-circus/build/jestAdapterInit.js:1557:28)\n    at new Promise (<anonymous>)\n    at callAsyncCircusFn (/home/x3nonxe/Project/ts/karcis/karcis-backend/node_modules/jest-circus/build/jestAdapterInit.js:1497:10)\n    at _callCircusTest (/home/x3nonxe/Project/ts/karcis/karcis-backend/node_modules/jest-circus/build/jestAdapterInit.js:1007:40)\n    at processTicksAndRejections (node:internal/process/task_queues:103:5)\n    at _runTest (/home/x3nonxe/Project/ts/karcis/karcis-backend/node_modules/jest-circus/build/jestAdapterInit.js:947:3)\n    at /home/x3nonxe/Project/ts/karcis/karcis-backend/node_modules/jest-circus/build/jestAdapterInit.js:849:7\n    at _runTestsForDescribeBlock (/home/x3nonxe/Project/ts/karcis/karcis-backend/node_modules/jest-circus/build/jestAdapterInit.js:862:11)\n    at _runTestsForDescribeBlock (/home/x3nonxe/Project/ts/karcis/karcis-backend/node_modules/jest-circus/build/jestAdapterInit.js:857:11)\n    at run (/home/x3nonxe/Project/ts/karcis/karcis-backend/node_modules/jest-circus/build/jestAdapterInit.js:761:3)\n    at runAndTransformResultsToJestFormat (/home/x3nonxe/Project/ts/karcis/karcis-backend/node_modules/jest-circus/build/jestAdapterInit.js:1918:21)\n    at jestAdapter (/home/x3nonxe/Project/ts/karcis/karcis-backend/node_modules/jest-circus/build/runner.js:101:19)\n    at runTestInternal (/home/x3nonxe/Project/ts/karcis/karcis-backend/node_modules/jest-runner/build/testWorker.js:275:16)\n    at runTest (/home/x3nonxe/Project/ts/karcis/karcis-backend/node_modules/jest-runner/build/testWorker.js:343:7)\n    at Object.worker (/home/x3nonxe/Project/ts/karcis/karcis-backend/node_modules/jest-runner/build/testWorker.js:497:12)"],"fullName":"UsersService should find all users","invocations":1,"location":null,"numPassingAsserts":0,"retryReasons":[],"startAt":1772300661631,"status":"failed","title":"should find all users"},{"ancestorTitles":["UsersService"],"duration":11,"failing":false,"failureDetails":[{"matcherResult":{"actual":{},"expected":"This action returns a #undefined user","message":"expect(received).toBe(expected) // Object.is equality\n\nExpected: \"This action returns a #undefined user\"\nReceived: Promise {}","name":"toBe","pass":false}}],"failureMessages":["Error: expect(received).toBe(expected) // Object.is equality\n\nExpected: \"This action returns a #undefined user\"\nReceived: Promise {}\n    at Object.<anonymous> (/home/x3nonxe/Project/ts/karcis/karcis-backend/src/modules/users/services/users.service.spec.ts:51:34)\n    at Promise.finally.completed (/home/x3nonxe/Project/ts/karcis/karcis-backend/node_modules/jest-circus/build/jestAdapterInit.js:1557:28)\n    at new Promise (<anonymous>)\n    at callAsyncCircusFn (/home/x3nonxe/Project/ts/karcis/karcis-backend/node_modules/jest-circus/build/jestAdapterInit.js:1497:10)\n    at _callCircusTest (/home/x3nonxe/Project/ts/karcis/karcis-backend/node_modules/jest-circus/build/jestAdapterInit.js:1007:40)\n    at processTicksAndRejections (node:internal/process/task_queues:103:5)\n    at _runTest (/home/x3nonxe/Project/ts/karcis/karcis-backend/node_modules/jest-circus/build/jestAdapterInit.js:947:3)\n    at /home/x3nonxe/Project/ts/karcis/karcis-backend/node_modules/jest-circus/build/jestAdapterInit.js:849:7\n    at _runTestsForDescribeBlock (/home/x3nonxe/Project/ts/karcis/karcis-backend/node_modules/jest-circus/build/jestAdapterInit.js:862:11)\n    at _runTestsForDescribeBlock (/home/x3nonxe/Project/ts/karcis/karcis-backend/node_modules/jest-circus/build/jestAdapterInit.js:857:11)\n    at run (/home/x3nonxe/Project/ts/karcis/karcis-backend/node_modules/jest-circus/build/jestAdapterInit.js:761:3)\n    at runAndTransformResultsToJestFormat (/home/x3nonxe/Project/ts/karcis/karcis-backend/node_modules/jest-circus/build/jestAdapterInit.js:1918:21)\n    at jestAdapter (/home/x3nonxe/Project/ts/karcis/karcis-backend/node_modules/jest-circus/build/runner.js:101:19)\n    at runTestInternal (/home/x3nonxe/Project/ts/karcis/karcis-backend/node_modules/jest-runner/build/testWorker.js:275:16)\n    at runTest (/home/x3nonxe/Project/ts/karcis/karcis-backend/node_modules/jest-runner/build/testWorker.js:343:7)\n    at Object.worker (/home/x3nonxe/Project/ts/karcis/karcis-backend/node_modules/jest-runner/build/testWorker.js:497:12)"],"fullName":"UsersService should find a user","invocations":1,"location":null,"numPassingAsserts":0,"retryReasons":[],"startAt":1772300661644,"status":"failed","title":"should find a user"},{"ancestorTitles":["UsersService"],"duration":6,"failing":false,"failureDetails":[],"failureMessages":[],"fullName":"UsersService should update a user","invocations":1,"location":null,"numPassingAsserts":1,"retryReasons":[],"startAt":1772300661656,"status":"passed","title":"should update a user"},{"ancestorTitles":["UsersService"],"duration":6,"failing":false,"failureDetails":[],"failureMessages":[],"fullName":"UsersService should remove a user","invocations":1,"location":null,"numPassingAsserts":1,"retryReasons":[],"startAt":1772300661663,"status":"passed","title":"should remove a user"}],"endTime":1772300661691,"message":"  ● UsersService › should find all users\n\n    expect(received).toBe(expected) // Object.is equality\n\n    Expected: \"This action returns all users\"\n    Received: Promise {}\n\n      45 |\n      46 |   it('should find all users', () => {\n    > 47 |     expect(service.findAll()).toBe('This action returns all users');\n         |                               ^\n      48 |   });\n      49 |\n      50 |   it('should find a user', () => {\n\n      at Object.<anonymous> (modules/users/services/users.service.spec.ts:47:31)\n\n  ● UsersService › should find a user\n\n    expect(received).toBe(expected) // Object.is equality\n\n    Expected: \"This action returns a #undefined user\"\n    Received: Promise {}\n\n      49 |\n      50 |   it('should find a user', () => {\n    > 51 |     expect(service.findOne('1')).toBe('This action returns a #undefined user');\n         |                                  ^\n      52 |   });\n      53 |\n      54 |   it('should update a user', () => {\n\n      at Object.<anonymous> (modules/users/services/users.service.spec.ts:51:34)\n","name":"/home/x3nonxe/Project/ts/karcis/karcis-backend/src/modules/users/services/users.service.spec.ts","startTime":1772300658917,"status":"failed","summary":""},{"assertionResults":[{"ancestorTitles":["AuthService","register"],"duration":159,"failing":false,"failureDetails":[],"failureMessages":[],"fullName":"AuthService register should throw ConflictException if user already exists","invocations":1,"location":null,"numPassingAsserts":1,"retryReasons":[],"startAt":1772300661349,"status":"passed","title":"should throw ConflictException if user already exists"},{"ancestorTitles":["AuthService","register"],"duration":33,"failing":false,"failureDetails":[{"matcherResult":{"message":"expect(jest.fn()).toHaveBeenCalledWith(...expected)\n\n- Expected\n+ Received\n\n  Object {\n+   \"createdAt\": 2026-02-28T17:44:21.526Z,\n    \"email\": \"new@example.com\",\n    \"password\": \"hashed-password\",\n+   \"updatedAt\": 2026-02-28T17:44:21.526Z,\n  },\n\nNumber of calls: 1","pass":false}}],"failureMessages":["Error: expect(jest.fn()).toHaveBeenCalledWith(...expected)\n\n- Expected\n+ Received\n\n  Object {\n+   \"createdAt\": 2026-02-28T17:44:21.526Z,\n    \"email\": \"new@example.com\",\n    \"password\": \"hashed-password\",\n+   \"updatedAt\": 2026-02-28T17:44:21.526Z,\n  },\n\nNumber of calls: 1\n    at Object.<anonymous> (/home/x3nonxe/Project/ts/karcis/karcis-backend/src/modules/auth/services/auth.service.spec.ts:81:37)\n    at processTicksAndRejections (node:internal/process/task_queues:103:5)"],"fullName":"AuthService register should successfully register a new user","invocations":1,"location":null,"numPassingAsserts":0,"retryReasons":[],"startAt":1772300661512,"status":"failed","title":"should successfully register a new user"},{"ancestorTitles":["AuthService","login"],"duration":13,"failing":false,"failureDetails":[],"failureMessages":[],"fullName":"AuthService login should throw UnauthorizedException if user not found","invocations":1,"location":null,"numPassingAsserts":1,"retryReasons":[],"startAt":1772300661550,"status":"passed","title":"should throw UnauthorizedException if user not found"},{"ancestorTitles":["AuthService","login"],"duration":15,"failing":false,"failureDetails":[],"failureMessages":[],"fullName":"AuthService login should throw UnauthorizedException if password is invalid","invocations":1,"location":null,"numPassingAsserts":1,"retryReasons":[],"startAt":1772300661563,"status":"passed","title":"should throw UnauthorizedException if password is invalid"},{"ancestorTitles":["AuthService","login"],"duration":19,"failing":false,"failureDetails":[],"failureMessages":[],"fullName":"AuthService login should return tokens on successful login","invocations":1,"location":null,"numPassingAsserts":2,"retryReasons":[],"startAt":1772300661580,"status":"passed","title":"should return tokens on successful login"},{"ancestorTitles":["AuthService","refreshToken"],"duration":12,"failing":false,"failureDetails":[],"failureMessages":[],"fullName":"AuthService refreshToken should throw UnauthorizedException if token verification fails","invocations":1,"location":null,"numPassingAsserts":1,"retryReasons":[],"startAt":1772300661601,"status":"passed","title":"should throw UnauthorizedException if token verification fails"},{"ancestorTitles":["AuthService","refreshToken"],"duration":8,"failing":false,"failureDetails":[],"failureMessages":[],"fullName":"AuthService refreshToken should throw UnauthorizedException if user not found","invocations":1,"location":null,"numPassingAsserts":1,"retryReasons":[],"startAt":1772300661614,"status":"passed","title":"should throw UnauthorizedException if user not found"},{"ancestorTitles":["AuthService","refreshToken"],"duration":11,"failing":false,"failureDetails":[],"failureMessages":[],"fullName":"AuthService refreshToken should return new tokens on successful refresh","invocations":1,"location":null,"numPassingAsserts":2,"retryReasons":[],"startAt":1772300661622,"status":"passed","title":"should return new tokens on successful refresh"},{"ancestorTitles":["AuthService","logout"],"duration":13,"failing":false,"failureDetails":[],"failureMessages":[],"fullName":"AuthService logout should clear refresh token on logout","invocations":1,"location":null,"numPassingAsserts":4,"retryReasons":[],"startAt":1772300661634,"status":"passed","title":"should clear refresh token on logout"},{"ancestorTitles":["AuthService","logout"],"duration":10,"failing":false,"failureDetails":[],"failureMessages":[],"fullName":"AuthService logout should return success even if user not found","invocations":1,"location":null,"numPassingAsserts":1,"retryReasons":[],"startAt":1772300661647,"status":"passed","title":"should return success even if user not found"}],"endTime":1772300661693,"message":"  ● AuthService › register › should successfully register a new user\n\n    expect(jest.fn()).toHaveBeenCalledWith(...expected)\n\n    - Expected\n    + Received\n\n      Object {\n    +   \"createdAt\": 2026-02-28T17:44:21.526Z,\n        \"email\": \"new@example.com\",\n        \"password\": \"hashed-password\",\n    +   \"updatedAt\": 2026-02-28T17:44:21.526Z,\n      },\n\n    Number of calls: 1\n\n      79 |       });\n      80 |\n    > 81 |       expect(userRepository.create).toHaveBeenCalledWith({\n         |                                     ^\n      82 |         email: 'new@example.com',\n      83 |         password: 'hashed-password',\n      84 |       });\n\n      at Object.<anonymous> (modules/auth/services/auth.service.spec.ts:81:37)\n","name":"/home/x3nonxe/Project/ts/karcis/karcis-backend/src/modules/auth/services/auth.service.spec.ts","startTime":1772300658885,"status":"failed","summary":""},{"assertionResults":[{"ancestorTitles":["NotificationController"],"duration":11,"failing":false,"failureDetails":[],"failureMessages":[],"fullName":"NotificationController should be defined","invocations":1,"location":null,"numPassingAsserts":1,"retryReasons":[],"startAt":1772300661737,"status":"passed","title":"should be defined"},{"ancestorTitles":["NotificationController"],"duration":9,"failing":false,"failureDetails":[],"failureMessages":[],"fullName":"NotificationController should create a notification","invocations":1,"location":null,"numPassingAsserts":2,"retryReasons":[],"startAt":1772300661749,"status":"passed","title":"should create a notification"},{"ancestorTitles":["NotificationController"],"duration":4,"failing":false,"failureDetails":[],"failureMessages":[],"fullName":"NotificationController should find all notifications","invocations":1,"location":null,"numPassingAsserts":2,"retryReasons":[],"startAt":1772300661758,"status":"passed","title":"should find all notifications"},{"ancestorTitles":["NotificationController"],"duration":4,"failing":false,"failureDetails":[],"failureMessages":[],"fullName":"NotificationController should find a notification","invocations":1,"location":null,"numPassingAsserts":2,"retryReasons":[],"startAt":1772300661762,"status":"passed","title":"should find a notification"},{"ancestorTitles":["NotificationController"],"duration":6,"failing":false,"failureDetails":[],"failureMessages":[],"fullName":"NotificationController should update a notification","invocations":1,"location":null,"numPassingAsserts":2,"retryReasons":[],"startAt":1772300661767,"status":"passed","title":"should update a notification"},{"ancestorTitles":["NotificationController"],"duration":3,"failing":false,"failureDetails":[],"failureMessages":[],"fullName":"NotificationController should remove a notification","invocations":1,"location":null,"numPassingAsserts":2,"retryReasons":[],"startAt":1772300661773,"status":"passed","title":"should remove a notification"}],"endTime":1772300661777,"message":"","name":"/home/x3nonxe/Project/ts/karcis/karcis-backend/src/modules/notification/controller/notification.controller.spec.ts","startTime":1772300661503,"status":"passed","summary":""},{"assertionResults":[{"ancestorTitles":["NotificationService"],"duration":10,"failing":false,"failureDetails":[],"failureMessages":[],"fullName":"NotificationService should be defined","invocations":1,"location":null,"numPassingAsserts":1,"retryReasons":[],"startAt":1772300661823,"status":"passed","title":"should be defined"},{"ancestorTitles":["NotificationService"],"duration":6,"failing":false,"failureDetails":[],"failureMessages":[],"fullName":"NotificationService should create a notification","invocations":1,"location":null,"numPassingAsserts":1,"retryReasons":[],"startAt":1772300661835,"status":"passed","title":"should create a notification"},{"ancestorTitles":["NotificationService"],"duration":5,"failing":false,"failureDetails":[],"failureMessages":[],"fullName":"NotificationService should find all notifications","invocations":1,"location":null,"numPassingAsserts":1,"retryReasons":[],"startAt":1772300661841,"status":"passed","title":"should find all notifications"},{"ancestorTitles":["NotificationService"],"duration":7,"failing":false,"failureDetails":[],"failureMessages":[],"fullName":"NotificationService should find a notification","invocations":1,"location":null,"numPassingAsserts":1,"retryReasons":[],"startAt":1772300661847,"status":"passed","title":"should find a notification"},{"ancestorTitles":["NotificationService"],"duration":41,"failing":false,"failureDetails":[],"failureMessages":[],"fullName":"NotificationService should update a notification","invocations":1,"location":null,"numPassingAsserts":1,"retryReasons":[],"startAt":1772300661855,"status":"passed","title":"should update a notification"},{"ancestorTitles":["NotificationService"],"duration":4,"failing":false,"failureDetails":[],"failureMessages":[],"fullName":"NotificationService should remove a notification","invocations":1,"location":null,"numPassingAsserts":1,"retryReasons":[],"startAt":1772300661896,"status":"passed","title":"should remove a notification"}],"endTime":1772300661902,"message":"","name":"/home/x3nonxe/Project/ts/karcis/karcis-backend/src/modules/notification/services/notification.service.spec.ts","startTime":1772300661313,"status":"passed","summary":""},{"assertionResults":[{"ancestorTitles":["UsersController"],"duration":34,"failing":false,"failureDetails":[],"failureMessages":[],"fullName":"UsersController should be defined","invocations":1,"location":null,"numPassingAsserts":1,"retryReasons":[],"startAt":1772300661959,"status":"passed","title":"should be defined"},{"ancestorTitles":["UsersController"],"duration":13,"failing":false,"failureDetails":[],"failureMessages":[],"fullName":"UsersController should create a user","invocations":1,"location":null,"numPassingAsserts":2,"retryReasons":[],"startAt":1772300661994,"status":"passed","title":"should create a user"},{"ancestorTitles":["UsersController"],"duration":6,"failing":false,"failureDetails":[],"failureMessages":[],"fullName":"UsersController should find all users","invocations":1,"location":null,"numPassingAsserts":2,"retryReasons":[],"startAt":1772300662007,"status":"passed","title":"should find all users"},{"ancestorTitles":["UsersController"],"duration":6,"failing":false,"failureDetails":[],"failureMessages":[],"fullName":"UsersController should find a user","invocations":1,"location":null,"numPassingAsserts":2,"retryReasons":[],"startAt":1772300662013,"status":"passed","title":"should find a user"},{"ancestorTitles":["UsersController"],"duration":6,"failing":false,"failureDetails":[],"failureMessages":[],"fullName":"UsersController should update a user","invocations":1,"location":null,"numPassingAsserts":2,"retryReasons":[],"startAt":1772300662019,"status":"passed","title":"should update a user"},{"ancestorTitles":["UsersController"],"duration":3,"failing":false,"failureDetails":[],"failureMessages":[],"fullName":"UsersController should remove a user","invocations":1,"location":null,"numPassingAsserts":2,"retryReasons":[],"startAt":1772300662026,"status":"passed","title":"should remove a user"}],"endTime":1772300662031,"message":"","name":"/home/x3nonxe/Project/ts/karcis/karcis-backend/src/modules/users/controller/users.controller.spec.ts","startTime":1772300658867,"status":"passed","summary":""},{"assertionResults":[{"ancestorTitles":["EventController"],"duration":10,"failing":false,"failureDetails":[],"failureMessages":[],"fullName":"EventController should be defined","invocations":1,"location":null,"numPassingAsserts":1,"retryReasons":[],"startAt":1772300662004,"status":"passed","title":"should be defined"},{"ancestorTitles":["EventController"],"duration":5,"failing":false,"failureDetails":[],"failureMessages":[],"fullName":"EventController should create an event","invocations":1,"location":null,"numPassingAsserts":2,"retryReasons":[],"startAt":1772300662014,"status":"passed","title":"should create an event"},{"ancestorTitles":["EventController"],"duration":4,"failing":false,"failureDetails":[],"failureMessages":[],"fullName":"EventController should find all events","invocations":1,"location":null,"numPassingAsserts":2,"retryReasons":[],"startAt":1772300662019,"status":"passed","title":"should find all events"},{"ancestorTitles":["EventController"],"duration":5,"failing":false,"failureDetails":[],"failureMessages":[],"fullName":"EventController should find an event","invocations":1,"location":null,"numPassingAsserts":2,"retryReasons":[],"startAt":1772300662023,"status":"passed","title":"should find an event"},{"ancestorTitles":["EventController"],"duration":7,"failing":false,"failureDetails":[],"failureMessages":[],"fullName":"EventController should update an event","invocations":1,"location":null,"numPassingAsserts":2,"retryReasons":[],"startAt":1772300662028,"status":"passed","title":"should update an event"},{"ancestorTitles":["EventController"],"duration":5,"failing":false,"failureDetails":[],"failureMessages":[],"fullName":"EventController should remove an event","invocations":1,"location":null,"numPassingAsserts":2,"retryReasons":[],"startAt":1772300662035,"status":"passed","title":"should remove an event"}],"endTime":1772300662041,"message":"","name":"/home/x3nonxe/Project/ts/karcis/karcis-backend/src/modules/event/controller/event.controller.spec.ts","startTime":1772300661741,"status":"passed","summary":""},{"assertionResults":[{"ancestorTitles":["AuthController"],"duration":18,"failing":false,"failureDetails":[],"failureMessages":[],"fullName":"AuthController should be defined","invocations":1,"location":null,"numPassingAsserts":1,"retryReasons":[],"startAt":1772300662271,"status":"passed","title":"should be defined"},{"ancestorTitles":["AuthController"],"duration":6,"failing":false,"failureDetails":[],"failureMessages":[],"fullName":"AuthController should register a user","invocations":1,"location":null,"numPassingAsserts":2,"retryReasons":[],"startAt":1772300662290,"status":"passed","title":"should register a user"},{"ancestorTitles":["AuthController"],"duration":17,"failing":false,"failureDetails":[],"failureMessages":[],"fullName":"AuthController should login a user","invocations":1,"location":null,"numPassingAsserts":2,"retryReasons":[],"startAt":1772300662297,"status":"passed","title":"should login a user"},{"ancestorTitles":["AuthController"],"duration":2,"failing":false,"failureDetails":[],"failureMessages":[],"fullName":"AuthController should refresh token","invocations":1,"location":null,"numPassingAsserts":2,"retryReasons":[],"startAt":1772300662314,"status":"passed","title":"should refresh token"},{"ancestorTitles":["AuthController"],"duration":5,"failing":false,"failureDetails":[],"failureMessages":[],"fullName":"AuthController should logout a user","invocations":1,"location":null,"numPassingAsserts":2,"retryReasons":[],"startAt":1772300662316,"status":"passed","title":"should logout a user"}],"endTime":1772300662323,"message":"","name":"/home/x3nonxe/Project/ts/karcis/karcis-backend/src/modules/auth/controller/auth.controller.spec.ts","startTime":1772300658937,"status":"passed","summary":""}],"wasInterrupted":false}
